5.5820 	WARNING 	We strongly recommend you activate the PTB sound engine in PsychoPy prefs as the preferred audio engine. Its timing is vastly superior. Your prefs are currently set to use ['sounddevice', 'PTB', 'pyo', 'pygame'] (in that order).
18.7675 	WARNING 	User requested fullscreen with size [1024  768], but screen is actually [1920, 1080]. Using actual size
21.0393 	EXP 	Created window1 = Window(allowGUI=True, allowStencil=False, autoLog=True, backendConf=UNKNOWN, bitsMode=UNKNOWN, blendMode='avg', bpc=(8, 8, 8), color=array([0, 0, 0]), colorSpace='rgb', depthBits=8, fullscr=<method-wrapper '__getattribute__' of attributeSetter object at 0x0000020A5322CFA0>, gamma=None, gammaErrorPolicy='raise', lms=UNKNOWN, monitor=<psychopy.monitors.calibTools.Monitor object at 0x0000020A5667A340>, multiSample=False, name='window1', numSamples=2, pos=(0, 0), screen=0, size=array([1920, 1080]), stencilBits=0, stereo=False, units='height', useFBO=True, useRetina=False, viewOri=0.0, viewPos=None, viewScale=None, waitBlanking=True, winType='pyglet')
21.0394 	EXP 	window1: mouseVisible = True
21.0396 	EXP 	window1: mouseVisible = False
21.0396 	EXP 	window1: Attempting to measure frame rate of screen (0) ...
21.0396 	EXP 	window1: recordFrameIntervals = False
21.2048 	EXP 	window1: recordFrameIntervals = True
21.3893 	EXP 	Screen (0) actual frame rate measured at 59.79Hz
21.3894 	EXP 	window1: recordFrameIntervals = False
26.0261 	EXP 	Created polygon = ShapeStim(__class__=<class 'psychopy.visual.shape.ShapeStim'>, anchor=('center', 'center'), autoDraw=False, autoLog=True, closeShape=True, color=method-wrapper(...), colorSpace='rgb', contrast=None, depth=0.0, fillColor=array([1, 1, 1]), fillColorSpace='rgb', fillRGB=array([1, 1, 1]), interpolate=True, lineColor=array([1., 1., 1.]), lineColorSpace='rgb', lineRGB=array([1, 1, 1]), lineWidth=1.0, name='polygon', opacity=1.0, ori=0.0, pos=array([0., 0.]), size=array([0.2, 0.2]), units='height', vertices=ndarray(...), win=Window(...), windingRule=None)
26.0434 	EXP 	Created polygon_2 = ShapeStim(__class__=<class 'psychopy.visual.shape.ShapeStim'>, anchor=('center', 'center'), autoDraw=False, autoLog=True, closeShape=True, color=method-wrapper(...), colorSpace='rgb', contrast=None, depth=-1.0, fillColor=array([-1.    ,  0.0039, -1.    ]), fillColorSpace='rgb', fillRGB=array([-1.    ,  0.0039, -1.    ]), interpolate=True, lineColor=array([-1.    ,  0.0039, -1.    ]), lineColorSpace='rgb', lineRGB=array([-1.    ,  0.0039, -1.    ]), lineWidth=1.0, name='polygon_2', opacity=1.0, ori=0.0, pos=array([0., 0.]), size=array([0.2, 0.2]), units='height', vertices=ndarray(...), win=Window(...), windingRule=None)
26.3325 	EXP 	Sound sound_1 set volume 1.000
26.5830 	EXP 	Created text = TextStim(__class__=<class 'psychopy.visual.text.TextStim'>, alignHoriz=method-wrapper(...), alignText='center', alignVert=method-wrapper(...), anchorHoriz='center', anchorVert='center', antialias=True, autoDraw=False, autoLog=True, bold=False, color=array([1., 1., 1.]), colorSpace='rgb', contrast=1.0, depth=0.0, flipHoriz=False, flipVert=False, font='Open Sans', fontFiles=[], height=0.05, italic=False, languageStyle='LTR', name='text', opacity=1.0, ori=0.0, pos=array([0. , 0.3]), rgb=UNKNOWN, text=str(...), units='height', win=Window(...), wrapWidth=1)
26.6833 	EXP 	window1: mouseVisible = True
26.6927 	EXP 	Imported C:/Users/debol/Desktop/PsychoPy/ib_conditions.xlsx as conditions, 12 conditions, 3 params
26.6956 	EXP 	Created sequence: random, trialTypes=12, nReps=5, seed=None
26.6960 	EXP 	New trial (rep=0, index=0): {'delay': 0.4, 'freq': 1000, 'condition': 'exp'}
26.7054 	DATA 	Keypress: space
26.7244 	EXP 	textbox: autoLog = True
26.7244 	EXP 	polygon: autoDraw = True
27.6880 	EXP 	polygon_2: autoDraw = True
27.7379 	EXP 	polygon: autoDraw = False
29.0435 	DATA 	Keypress: space
29.0709 	EXP 	polygon: autoDraw = False
29.0709 	EXP 	polygon_2: autoDraw = False
29.7900 	EXP 	text: autoDraw = True
29.7900 	EXP 	textbox: autoDraw = True
38.6430 	DATA 	Keypress: num_2
38.8909 	DATA 	Keypress: num_0
39.0536 	DATA 	Keypress: num_0
41.0820 	DATA 	Mouse: Left button down, pos=(924,224)
41.0940 	EXP 	New trial (rep=0, index=1): {'delay': 0.7, 'freq': 400, 'condition': 'unexp'}
41.1018 	EXP 	text: autoDraw = False
41.1018 	EXP 	textbox: autoDraw = False
41.1018 	EXP 	polygon: autoDraw = True
41.3143 	DATA 	Mouse:  Left button up, pos=(924,224)
42.1028 	EXP 	polygon: autoDraw = False
42.1028 	EXP 	polygon_2: autoDraw = True
44.7589 	DATA 	Keypress: space
44.7687 	EXP 	polygon: autoDraw = False
44.7687 	EXP 	polygon_2: autoDraw = False
45.7772 	EXP 	text: autoDraw = True
45.7772 	EXP 	textbox: autoDraw = True
49.2882 	DATA 	Keypress: num_9
49.5822 	DATA 	Keypress: num_0
49.7216 	DATA 	Keypress: num_0
50.5444 	DATA 	Mouse: Left button down, pos=(924,224)
50.5503 	EXP 	New trial (rep=0, index=2): {'delay': 0.1, 'freq': 400, 'condition': 'unexp'}
50.5547 	EXP 	text: autoDraw = False
50.5547 	EXP 	textbox: autoDraw = False
50.5547 	EXP 	polygon: autoDraw = True
50.7706 	DATA 	Mouse:  Left button up, pos=(924,224)
51.5678 	EXP 	polygon: autoDraw = False
51.5678 	EXP 	polygon_2: autoDraw = True
53.9237 	DATA 	Keypress: space
53.9342 	EXP 	polygon: autoDraw = False
53.9342 	EXP 	polygon_2: autoDraw = False
54.3453 	EXP 	text: autoDraw = True
54.3453 	EXP 	textbox: autoDraw = True
57.9085 	DATA 	Keypress: num_1
58.1245 	DATA 	Keypress: num_5
58.3607 	DATA 	Keypress: num_0
59.6398 	DATA 	Mouse: Left button down, pos=(987,229)
59.6489 	EXP 	New trial (rep=0, index=3): {'delay': 0.7, 'freq': 1000, 'condition': 'exp'}
59.6565 	EXP 	text: autoDraw = False
59.6565 	EXP 	textbox: autoDraw = False
59.6565 	EXP 	polygon: autoDraw = True
59.8558 	DATA 	Mouse:  Left button up, pos=(987,229)
60.6504 	EXP 	polygon_2: autoDraw = True
60.6668 	EXP 	polygon: autoDraw = False
60.7564 	DATA 	Keypress: space
60.7834 	EXP 	polygon: autoDraw = False
60.7834 	EXP 	polygon_2: autoDraw = False
61.7926 	EXP 	text: autoDraw = True
61.7926 	EXP 	textbox: autoDraw = True
63.1505 	DATA 	Keypress: num_6
63.3930 	DATA 	Keypress: num_0
63.5514 	DATA 	Keypress: num_0
64.5943 	DATA 	Mouse: Left button down, pos=(993,205)
64.6035 	EXP 	New trial (rep=0, index=4): {'delay': 0.1, 'freq': 1000, 'condition': 'exp'}
64.6120 	EXP 	text: autoDraw = False
64.6120 	EXP 	textbox: autoDraw = False
64.6120 	EXP 	polygon: autoDraw = True
64.8218 	DATA 	Mouse:  Left button up, pos=(993,205)
65.6162 	EXP 	polygon: autoDraw = False
65.6162 	EXP 	polygon_2: autoDraw = True
66.8849 	DATA 	Keypress: space
66.8991 	EXP 	polygon: autoDraw = False
66.8991 	EXP 	polygon_2: autoDraw = False
67.3082 	EXP 	text: autoDraw = True
67.3082 	EXP 	textbox: autoDraw = True
69.2084 	DATA 	Keypress: num_1
69.4080 	DATA 	Keypress: num_0
69.5664 	DATA 	Keypress: num_0
71.1645 	DATA 	Mouse: Left button down, pos=(952,220)
71.1713 	EXP 	New trial (rep=0, index=5): {'delay': 0.4, 'freq': 1000, 'condition': 'exp'}
71.1769 	EXP 	text: autoDraw = False
71.1769 	EXP 	textbox: autoDraw = False
71.1769 	EXP 	polygon: autoDraw = True
71.3879 	DATA 	Mouse:  Left button up, pos=(952,220)
72.1819 	EXP 	polygon: autoDraw = False
72.1819 	EXP 	polygon_2: autoDraw = True
72.9537 	DATA 	Keypress: space
72.9653 	EXP 	polygon: autoDraw = False
72.9653 	EXP 	polygon_2: autoDraw = False
73.6732 	EXP 	text: autoDraw = True
73.6732 	EXP 	textbox: autoDraw = True
75.4348 	DATA 	Keypress: num_2
75.6114 	DATA 	Keypress: num_5
75.8208 	DATA 	Keypress: num_0
76.5164 	DATA 	Mouse: Left button down, pos=(952,220)
76.5225 	EXP 	New trial (rep=0, index=6): {'delay': 0.1, 'freq': 1000, 'condition': 'exp'}
76.5294 	EXP 	text: autoDraw = False
76.5294 	EXP 	textbox: autoDraw = False
76.5294 	EXP 	polygon: autoDraw = True
76.7514 	DATA 	Mouse:  Left button up, pos=(952,220)
77.5313 	EXP 	polygon: autoDraw = False
77.5313 	EXP 	polygon_2: autoDraw = True
78.9711 	DATA 	Keypress: space
78.9812 	EXP 	polygon: autoDraw = False
78.9812 	EXP 	polygon_2: autoDraw = False
79.3918 	EXP 	text: autoDraw = True
79.3918 	EXP 	textbox: autoDraw = True
81.3853 	DATA 	Keypress: num_1
82.5911 	DATA 	Keypress: num_0
82.7679 	DATA 	Keypress: num_0
84.1928 	DATA 	Mouse: Left button down, pos=(968,219)
84.2011 	EXP 	New trial (rep=0, index=7): {'delay': 0.4, 'freq': 1000, 'condition': 'exp'}
84.2093 	EXP 	text: autoDraw = False
84.2093 	EXP 	textbox: autoDraw = False
84.2093 	EXP 	polygon: autoDraw = True
84.4025 	DATA 	Mouse:  Left button up, pos=(968,219)
85.2139 	EXP 	polygon: autoDraw = False
85.2139 	EXP 	polygon_2: autoDraw = True
87.1532 	DATA 	Keypress: space
87.1633 	EXP 	polygon: autoDraw = False
87.1633 	EXP 	polygon_2: autoDraw = False
87.8735 	EXP 	text: autoDraw = True
87.8735 	EXP 	textbox: autoDraw = True
88.8126 	DATA 	Keypress: num_1
89.0221 	DATA 	Keypress: num_5
89.1939 	DATA 	Keypress: num_0
90.3179 	DATA 	Mouse: Left button down, pos=(969,238)
90.3272 	EXP 	New trial (rep=0, index=8): {'delay': 0.1, 'freq': 1000, 'condition': 'exp'}
90.3359 	EXP 	text: autoDraw = False
90.3359 	EXP 	textbox: autoDraw = False
90.3359 	EXP 	polygon: autoDraw = True
90.5352 	DATA 	Mouse:  Left button up, pos=(969,238)
91.3296 	EXP 	polygon_2: autoDraw = True
91.3462 	EXP 	polygon: autoDraw = False
92.5520 	DATA 	Keypress: space
92.5628 	EXP 	polygon: autoDraw = False
92.5628 	EXP 	polygon_2: autoDraw = False
92.9777 	EXP 	text: autoDraw = True
92.9777 	EXP 	textbox: autoDraw = True
94.8978 	DATA 	Keypress: num_1
95.1024 	DATA 	Keypress: num_0
95.2548 	DATA 	Keypress: num_0
96.0172 	DATA 	Mouse: Left button down, pos=(969,238)
96.0260 	EXP 	New trial (rep=0, index=9): {'delay': 0.7, 'freq': 1000, 'condition': 'exp'}
96.0337 	EXP 	text: autoDraw = False
96.0337 	EXP 	textbox: autoDraw = False
96.0337 	EXP 	polygon: autoDraw = True
96.2344 	DATA 	Mouse:  Left button up, pos=(969,238)
97.0288 	EXP 	polygon_2: autoDraw = True
97.0453 	EXP 	polygon: autoDraw = False
98.4004 	DATA 	Keypress: space
98.4284 	EXP 	polygon: autoDraw = False
98.4284 	EXP 	polygon_2: autoDraw = False
99.4474 	EXP 	text: autoDraw = True
99.4474 	EXP 	textbox: autoDraw = True
101.8581 	DATA 	Keypress: num_9
102.3403 	DATA 	Keypress: num_0
102.6232 	DATA 	Keypress: num_0
104.0142 	DATA 	Mouse: Left button down, pos=(946,255)
104.0230 	EXP 	New trial (rep=0, index=10): {'delay': 0.4, 'freq': 400, 'condition': 'unexp'}
104.0321 	EXP 	text: autoDraw = False
104.0321 	EXP 	textbox: autoDraw = False
104.0321 	EXP 	polygon: autoDraw = True
104.2336 	DATA 	Mouse:  Left button up, pos=(946,255)
105.0278 	EXP 	polygon_2: autoDraw = True
105.0447 	EXP 	polygon: autoDraw = False
105.7829 	DATA 	Keypress: space
105.8108 	EXP 	polygon: autoDraw = False
105.8108 	EXP 	polygon_2: autoDraw = False
106.5297 	EXP 	text: autoDraw = True
106.5297 	EXP 	textbox: autoDraw = True
110.2340 	DATA 	Keypress: num_9
110.6512 	DATA 	Keypress: num_0
110.7866 	DATA 	Keypress: num_0
112.4392 	DATA 	Mouse: Left button down, pos=(970,190)
112.4483 	EXP 	New trial (rep=0, index=11): {'delay': 0.7, 'freq': 1000, 'condition': 'exp'}
112.4559 	EXP 	text: autoDraw = False
112.4559 	EXP 	textbox: autoDraw = False
112.4559 	EXP 	polygon: autoDraw = True
112.6666 	DATA 	Mouse:  Left button up, pos=(970,190)
113.4601 	EXP 	polygon: autoDraw = False
113.4601 	EXP 	polygon_2: autoDraw = True
114.2998 	DATA 	Keypress: space
114.3098 	EXP 	polygon: autoDraw = False
114.3098 	EXP 	polygon_2: autoDraw = False
115.3207 	EXP 	text: autoDraw = True
115.3207 	EXP 	textbox: autoDraw = True
118.8393 	DATA 	Keypress: num_1
119.0266 	DATA 	Keypress: num_5
119.2695 	DATA 	Keypress: num_0
120.4804 	DATA 	Mouse: Left button down, pos=(939,235)
120.4889 	EXP 	New trial (rep=1, index=0): {'delay': 0.4, 'freq': 400, 'condition': 'unexp'}
120.4966 	EXP 	text: autoDraw = False
120.4966 	EXP 	textbox: autoDraw = False
120.4966 	EXP 	polygon: autoDraw = True
120.6992 	DATA 	Mouse:  Left button up, pos=(939,235)
121.4924 	EXP 	polygon_2: autoDraw = True
121.5093 	EXP 	polygon: autoDraw = False
122.2989 	DATA 	Keypress: space
122.3086 	EXP 	polygon: autoDraw = False
122.3086 	EXP 	polygon_2: autoDraw = False
123.0211 	EXP 	text: autoDraw = True
123.0211 	EXP 	textbox: autoDraw = True
124.4589 	DATA 	Keypress: num_2
124.6915 	DATA 	Keypress: num_0
124.8447 	DATA 	Keypress: num_0
126.0946 	DATA 	Mouse: Left button down, pos=(960,209)
126.1034 	EXP 	New trial (rep=1, index=1): {'delay': 0.4, 'freq': 1000, 'condition': 'exp'}
126.1113 	EXP 	text: autoDraw = False
126.1113 	EXP 	textbox: autoDraw = False
126.1113 	EXP 	polygon: autoDraw = True
126.3140 	DATA 	Mouse:  Left button up, pos=(960,209)
127.1083 	EXP 	polygon_2: autoDraw = True
127.1250 	EXP 	polygon: autoDraw = False
127.7479 	DATA 	Keypress: space
127.7580 	EXP 	polygon: autoDraw = False
127.7580 	EXP 	polygon_2: autoDraw = False
128.4678 	EXP 	text: autoDraw = True
128.4678 	EXP 	textbox: autoDraw = True
129.7127 	DATA 	Keypress: num_6
129.9890 	DATA 	Keypress: num_0
130.1412 	DATA 	Keypress: num_0
131.3035 	DATA 	Mouse: Left button down, pos=(925,228)
131.3121 	EXP 	New trial (rep=1, index=2): {'delay': 0.4, 'freq': 1000, 'condition': 'exp'}
131.3196 	EXP 	text: autoDraw = False
131.3196 	EXP 	textbox: autoDraw = False
131.3196 	EXP 	polygon: autoDraw = True
131.5306 	DATA 	Mouse:  Left button up, pos=(925,228)
132.3242 	EXP 	polygon: autoDraw = False
132.3242 	EXP 	polygon_2: autoDraw = True
134.0683 	DATA 	Keypress: space
134.0740 	EXP 	polygon: autoDraw = False
134.0740 	EXP 	polygon_2: autoDraw = False
134.7831 	EXP 	text: autoDraw = True
134.7831 	EXP 	textbox: autoDraw = True
136.3261 	DATA 	Keypress: num_2
136.6913 	DATA 	Keypress: num_0
136.8433 	DATA 	Keypress: num_0
137.4971 	DATA 	Mouse: Left button down, pos=(925,228)
137.5052 	EXP 	New trial (rep=1, index=3): {'delay': 0.4, 'freq': 1000, 'condition': 'exp'}
137.5124 	EXP 	text: autoDraw = False
137.5124 	EXP 	textbox: autoDraw = False
137.5124 	EXP 	polygon: autoDraw = True
137.7100 	DATA 	Mouse:  Left button up, pos=(925,228)
138.5069 	EXP 	polygon_2: autoDraw = True
138.5233 	EXP 	polygon: autoDraw = False
139.3288 	DATA 	Keypress: space
139.3567 	EXP 	polygon: autoDraw = False
139.3567 	EXP 	polygon_2: autoDraw = False
140.0681 	EXP 	text: autoDraw = True
140.0681 	EXP 	textbox: autoDraw = True
142.5276 	DATA 	Keypress: num_2
142.7242 	DATA 	Keypress: num_0
142.8879 	DATA 	Keypress: num_0
144.0780 	DATA 	Mouse: Left button down, pos=(982,180)
144.0865 	EXP 	New trial (rep=1, index=4): {'delay': 0.7, 'freq': 1000, 'condition': 'exp'}
144.0941 	EXP 	text: autoDraw = False
144.0941 	EXP 	textbox: autoDraw = False
144.0941 	EXP 	polygon: autoDraw = True
144.2950 	DATA 	Mouse:  Left button up, pos=(982,180)
145.0892 	EXP 	polygon_2: autoDraw = True
145.1061 	EXP 	polygon: autoDraw = False
147.9624 	DATA 	Keypress: space
147.9723 	EXP 	polygon: autoDraw = False
147.9723 	EXP 	polygon_2: autoDraw = False
148.9813 	EXP 	text: autoDraw = True
148.9813 	EXP 	textbox: autoDraw = True
150.6107 	DATA 	Keypress: num_2
151.8337 	DATA 	Keypress: backspace
152.2496 	DATA 	Keypress: num_3
152.5185 	DATA 	Keypress: num_0
152.6725 	DATA 	Keypress: num_0
153.6501 	DATA 	Mouse: Left button down, pos=(979,219)
153.6590 	EXP 	New trial (rep=1, index=5): {'delay': 0.1, 'freq': 400, 'condition': 'unexp'}
153.6665 	EXP 	text: autoDraw = False
153.6665 	EXP 	textbox: autoDraw = False
153.6665 	EXP 	polygon: autoDraw = True
153.8781 	DATA 	Mouse:  Left button up, pos=(979,219)
154.6715 	EXP 	polygon: autoDraw = False
154.6715 	EXP 	polygon_2: autoDraw = True
157.4931 	DATA 	Keypress: space
157.5210 	EXP 	polygon: autoDraw = False
157.5210 	EXP 	polygon_2: autoDraw = False
157.9304 	EXP 	text: autoDraw = True
157.9304 	EXP 	textbox: autoDraw = True
159.3478 	DATA 	Keypress: num_6
159.6316 	DATA 	Keypress: num_0
159.7654 	DATA 	Keypress: num_0
161.1603 	DATA 	Keypress: backspace
161.3050 	DATA 	Keypress: backspace
161.4746 	DATA 	Keypress: backspace
162.9088 	DATA 	Keypress: num_3
163.1452 	DATA 	Keypress: num_0
163.3280 	DATA 	Keypress: num_0
164.2240 	DATA 	Mouse: Left button down, pos=(979,219)
164.2326 	EXP 	New trial (rep=1, index=6): {'delay': 0.7, 'freq': 1000, 'condition': 'exp'}
164.2410 	EXP 	text: autoDraw = False
164.2410 	EXP 	textbox: autoDraw = False
164.2410 	EXP 	polygon: autoDraw = True
164.4563 	DATA 	Mouse:  Left button up, pos=(979,219)
165.2367 	EXP 	polygon_2: autoDraw = True
165.2534 	EXP 	polygon: autoDraw = False
165.9759 	DATA 	Keypress: space
166.0031 	EXP 	polygon: autoDraw = False
166.0031 	EXP 	polygon_2: autoDraw = False
167.0147 	EXP 	text: autoDraw = True
167.0147 	EXP 	textbox: autoDraw = True
168.4308 	DATA 	Keypress: num_2
168.6130 	DATA 	Keypress: num_5
168.8275 	DATA 	Keypress: num_0
170.1918 	DATA 	Mouse: Left button down, pos=(1001,237)
170.2008 	EXP 	New trial (rep=1, index=7): {'delay': 0.7, 'freq': 400, 'condition': 'unexp'}
170.2094 	EXP 	text: autoDraw = False
170.2094 	EXP 	textbox: autoDraw = False
170.2094 	EXP 	polygon: autoDraw = True
170.4093 	DATA 	Mouse:  Left button up, pos=(1001,237)
171.2027 	EXP 	polygon_2: autoDraw = True
171.2192 	EXP 	polygon: autoDraw = False
173.5418 	DATA 	Keypress: space
173.5521 	EXP 	polygon: autoDraw = False
173.5521 	EXP 	polygon_2: autoDraw = False
174.5621 	EXP 	text: autoDraw = True
174.5621 	EXP 	textbox: autoDraw = True
175.7621 	DATA 	Keypress: num_2
176.4907 	DATA 	Keypress: backspace
177.1267 	DATA 	Keypress: num_1
177.3274 	DATA 	Keypress: num_0
177.4778 	DATA 	Keypress: num_0
178.2043 	DATA 	Mouse: Left button down, pos=(1001,237)
178.2128 	EXP 	New trial (rep=1, index=8): {'delay': 0.1, 'freq': 1000, 'condition': 'exp'}
178.2218 	EXP 	text: autoDraw = False
178.2218 	EXP 	textbox: autoDraw = False
178.2218 	EXP 	polygon: autoDraw = True
178.4081 	DATA 	Mouse:  Left button up, pos=(1001,237)
179.2181 	EXP 	polygon_2: autoDraw = True
179.2348 	EXP 	polygon: autoDraw = False
179.2911 	DATA 	Keypress: space
179.3014 	EXP 	polygon: autoDraw = False
179.3014 	EXP 	polygon_2: autoDraw = False
179.7118 	EXP 	text: autoDraw = True
179.7118 	EXP 	textbox: autoDraw = True
181.6069 	DATA 	Keypress: num_1
181.7855 	DATA 	Keypress: num_0
181.9312 	DATA 	Keypress: num_0
182.9612 	DATA 	Mouse: Left button down, pos=(945,244)
182.9696 	EXP 	New trial (rep=1, index=9): {'delay': 0.1, 'freq': 1000, 'condition': 'exp'}
182.9771 	EXP 	text: autoDraw = False
182.9771 	EXP 	textbox: autoDraw = False
182.9771 	EXP 	polygon: autoDraw = True
183.1899 	DATA 	Mouse:  Left button up, pos=(945,244)
183.9842 	EXP 	polygon: autoDraw = False
183.9842 	EXP 	polygon_2: autoDraw = True
185.1228 	DATA 	Keypress: space
185.1506 	EXP 	polygon: autoDraw = False
185.1506 	EXP 	polygon_2: autoDraw = False
185.5619 	EXP 	text: autoDraw = True
185.5619 	EXP 	textbox: autoDraw = True
186.5679 	DATA 	Keypress: num_5
186.7954 	DATA 	Keypress: num_0
188.7041 	DATA 	Mouse: Left button down, pos=(986,226)
188.7131 	EXP 	New trial (rep=1, index=10): {'delay': 0.1, 'freq': 1000, 'condition': 'exp'}
188.7218 	EXP 	text: autoDraw = False
188.7218 	EXP 	textbox: autoDraw = False
188.7218 	EXP 	polygon: autoDraw = True
188.9222 	DATA 	Mouse:  Left button up, pos=(986,226)
189.7168 	EXP 	polygon_2: autoDraw = True
189.7336 	EXP 	polygon: autoDraw = False
191.2393 	DATA 	Keypress: space
191.2499 	EXP 	polygon: autoDraw = False
191.2499 	EXP 	polygon_2: autoDraw = False
191.6574 	EXP 	text: autoDraw = True
191.6574 	EXP 	textbox: autoDraw = True
192.5167 	DATA 	Keypress: num_5
192.7335 	DATA 	Keypress: num_0
193.8680 	DATA 	Mouse: Left button down, pos=(956,233)
193.8771 	EXP 	New trial (rep=1, index=11): {'delay': 0.7, 'freq': 1000, 'condition': 'exp'}
193.8854 	EXP 	text: autoDraw = False
193.8854 	EXP 	textbox: autoDraw = False
193.8854 	EXP 	polygon: autoDraw = True
194.0898 	DATA 	Mouse:  Left button up, pos=(956,233)
194.8826 	EXP 	polygon_2: autoDraw = True
194.8993 	EXP 	polygon: autoDraw = False
195.8720 	DATA 	Keypress: space
195.8825 	EXP 	polygon: autoDraw = False
195.8825 	EXP 	polygon_2: autoDraw = False
196.8920 	EXP 	text: autoDraw = True
196.8920 	EXP 	textbox: autoDraw = True
199.2388 	DATA 	Keypress: num_1
199.5666 	DATA 	Keypress: num_0
199.7135 	DATA 	Keypress: num_0
201.0655 	DATA 	Mouse: Left button down, pos=(992,174)
201.0745 	EXP 	New trial (rep=2, index=0): {'delay': 0.1, 'freq': 1000, 'condition': 'exp'}
201.0822 	EXP 	text: autoDraw = False
201.0822 	EXP 	textbox: autoDraw = False
201.0822 	EXP 	polygon: autoDraw = True
201.2890 	DATA 	Mouse:  Left button up, pos=(992,174)
202.0821 	EXP 	polygon: autoDraw = False
202.0821 	EXP 	polygon_2: autoDraw = True
204.0542 	DATA 	Keypress: space
204.0649 	EXP 	polygon: autoDraw = False
204.0649 	EXP 	polygon_2: autoDraw = False
204.4757 	EXP 	text: autoDraw = True
204.4757 	EXP 	textbox: autoDraw = True
205.4120 	DATA 	Keypress: num_1
205.6319 	DATA 	Keypress: num_0
205.7597 	DATA 	Keypress: num_0
207.0929 	DATA 	Mouse: Left button down, pos=(1025,230)
207.1017 	EXP 	New trial (rep=2, index=1): {'delay': 0.7, 'freq': 1000, 'condition': 'exp'}
207.1097 	EXP 	text: autoDraw = False
207.1097 	EXP 	textbox: autoDraw = False
207.1097 	EXP 	polygon: autoDraw = True
207.3199 	DATA 	Mouse:  Left button up, pos=(1025,230)
208.1142 	EXP 	polygon: autoDraw = False
208.1142 	EXP 	polygon_2: autoDraw = True
209.2372 	DATA 	Keypress: space
209.2475 	EXP 	polygon: autoDraw = False
209.2475 	EXP 	polygon_2: autoDraw = False
210.2570 	EXP 	text: autoDraw = True
210.2570 	EXP 	textbox: autoDraw = True
211.0855 	DATA 	Keypress: num_1
211.3304 	DATA 	Keypress: num_0
211.4632 	DATA 	Keypress: num_0
212.6384 	DATA 	Mouse: Left button down, pos=(1027,270)
212.6471 	EXP 	New trial (rep=2, index=2): {'delay': 0.1, 'freq': 400, 'condition': 'unexp'}
212.6553 	EXP 	text: autoDraw = False
212.6553 	EXP 	textbox: autoDraw = False
212.6553 	EXP 	polygon: autoDraw = True
212.8529 	DATA 	Mouse:  Left button up, pos=(1027,270)
213.6474 	EXP 	polygon_2: autoDraw = True
213.6637 	EXP 	polygon: autoDraw = False
214.3519 	DATA 	Keypress: space
214.3800 	EXP 	polygon: autoDraw = False
214.3800 	EXP 	polygon_2: autoDraw = False
214.7898 	EXP 	text: autoDraw = True
214.7898 	EXP 	textbox: autoDraw = True
215.7220 	DATA 	Keypress: num_1
215.9769 	DATA 	Keypress: num_0
216.1294 	DATA 	Keypress: num_0
217.1358 	DATA 	Mouse: Left button down, pos=(1028,251)
217.1430 	EXP 	New trial (rep=2, index=3): {'delay': 0.1, 'freq': 1000, 'condition': 'exp'}
217.1496 	EXP 	text: autoDraw = False
217.1496 	EXP 	textbox: autoDraw = False
217.1496 	EXP 	polygon: autoDraw = True
217.3700 	DATA 	Mouse:  Left button up, pos=(1028,251)
218.1466 	EXP 	polygon_2: autoDraw = True
218.1634 	EXP 	polygon: autoDraw = False
218.8363 	DATA 	Keypress: space
218.8462 	EXP 	polygon: autoDraw = False
218.8462 	EXP 	polygon_2: autoDraw = False
219.2602 	EXP 	text: autoDraw = True
219.2602 	EXP 	textbox: autoDraw = True
220.7900 	DATA 	Keypress: num_1
221.0438 	DATA 	Keypress: num_0
221.1838 	DATA 	Keypress: num_0
222.3231 	DATA 	Mouse: Left button down, pos=(1009,249)
222.3317 	EXP 	New trial (rep=2, index=4): {'delay': 0.4, 'freq': 1000, 'condition': 'exp'}
222.3391 	EXP 	text: autoDraw = False
222.3391 	EXP 	textbox: autoDraw = False
222.3391 	EXP 	polygon: autoDraw = True
222.5520 	DATA 	Mouse:  Left button up, pos=(1009,249)
223.3458 	EXP 	polygon: autoDraw = False
223.3458 	EXP 	polygon_2: autoDraw = True
225.5685 	DATA 	Keypress: space
225.5789 	EXP 	polygon: autoDraw = False
225.5789 	EXP 	polygon_2: autoDraw = False
226.2904 	EXP 	text: autoDraw = True
226.2904 	EXP 	textbox: autoDraw = True
227.1931 	DATA 	Keypress: num_2
227.6096 	DATA 	Keypress: num_0
227.7724 	DATA 	Keypress: num_0
228.5219 	DATA 	Mouse: Left button down, pos=(1009,249)
228.5306 	EXP 	New trial (rep=2, index=5): {'delay': 0.7, 'freq': 1000, 'condition': 'exp'}
228.5379 	EXP 	text: autoDraw = False
228.5379 	EXP 	textbox: autoDraw = False
228.5379 	EXP 	polygon: autoDraw = True
228.7510 	DATA 	Mouse:  Left button up, pos=(1009,249)
229.5451 	EXP 	polygon: autoDraw = False
229.5451 	EXP 	polygon_2: autoDraw = True
230.3341 	DATA 	Keypress: space
230.3448 	EXP 	polygon: autoDraw = False
230.3448 	EXP 	polygon_2: autoDraw = False
231.3550 	EXP 	text: autoDraw = True
231.3550 	EXP 	textbox: autoDraw = True
232.1186 	DATA 	Keypress: num_3
232.4010 	DATA 	Keypress: num_0
232.5416 	DATA 	Keypress: num_0
233.1326 	DATA 	Mouse: Left button down, pos=(1009,249)
233.1410 	EXP 	New trial (rep=2, index=6): {'delay': 0.4, 'freq': 1000, 'condition': 'exp'}
233.1497 	EXP 	text: autoDraw = False
233.1497 	EXP 	textbox: autoDraw = False
233.1497 	EXP 	polygon: autoDraw = True
233.3502 	DATA 	Mouse:  Left button up, pos=(1009,249)
234.1445 	EXP 	polygon_2: autoDraw = True
234.1609 	EXP 	polygon: autoDraw = False
236.6670 	DATA 	Keypress: space
236.6941 	EXP 	polygon: autoDraw = False
236.6941 	EXP 	polygon_2: autoDraw = False
237.4111 	EXP 	text: autoDraw = True
237.4111 	EXP 	textbox: autoDraw = True
238.0105 	DATA 	Keypress: num_2
238.2932 	DATA 	Keypress: num_0
238.4523 	DATA 	Keypress: num_0
239.0662 	DATA 	Mouse: Left button down, pos=(1009,249)
239.0757 	EXP 	New trial (rep=2, index=7): {'delay': 0.7, 'freq': 400, 'condition': 'unexp'}
239.0835 	EXP 	text: autoDraw = False
239.0835 	EXP 	textbox: autoDraw = False
239.0835 	EXP 	polygon: autoDraw = True
239.2829 	DATA 	Mouse:  Left button up, pos=(1009,249)
240.0770 	EXP 	polygon_2: autoDraw = True
240.0937 	EXP 	polygon: autoDraw = False
241.8995 	DATA 	Keypress: space
241.9101 	EXP 	polygon: autoDraw = False
241.9101 	EXP 	polygon_2: autoDraw = False
242.9203 	EXP 	text: autoDraw = True
242.9203 	EXP 	textbox: autoDraw = True
243.4238 	DATA 	Keypress: num_2
243.6281 	DATA 	Keypress: num_0
243.7725 	DATA 	Keypress: num_0
244.3120 	DATA 	Mouse: Left button down, pos=(1009,249)
244.3206 	EXP 	New trial (rep=2, index=8): {'delay': 0.4, 'freq': 1000, 'condition': 'exp'}
244.3286 	EXP 	text: autoDraw = False
244.3286 	EXP 	textbox: autoDraw = False
244.3286 	EXP 	polygon: autoDraw = True
244.5321 	DATA 	Mouse:  Left button up, pos=(1009,249)
245.3264 	EXP 	polygon_2: autoDraw = True
245.3431 	EXP 	polygon: autoDraw = False
247.5039 	DATA 	Keypress: space
247.5261 	EXP 	polygon: autoDraw = False
247.5261 	EXP 	polygon_2: autoDraw = False
248.2368 	EXP 	text: autoDraw = True
248.2368 	EXP 	textbox: autoDraw = True
249.9610 	DATA 	Keypress: num_1
250.1394 	DATA 	Keypress: num_5
250.3407 	DATA 	Keypress: num_0
250.9305 	DATA 	Mouse: Left button down, pos=(1009,249)
250.9396 	EXP 	New trial (rep=2, index=9): {'delay': 0.1, 'freq': 1000, 'condition': 'exp'}
250.9476 	EXP 	text: autoDraw = False
250.9476 	EXP 	textbox: autoDraw = False
250.9476 	EXP 	polygon: autoDraw = True
251.1481 	DATA 	Mouse:  Left button up, pos=(1009,249)
251.9423 	EXP 	polygon_2: autoDraw = True
251.9590 	EXP 	polygon: autoDraw = False
253.4974 	DATA 	Keypress: space
253.5251 	EXP 	polygon: autoDraw = False
253.5251 	EXP 	polygon_2: autoDraw = False
253.9335 	EXP 	text: autoDraw = True
253.9335 	EXP 	textbox: autoDraw = True
256.2996 	DATA 	Keypress: num_2
256.4681 	DATA 	Keypress: num_5
256.6683 	DATA 	Keypress: num_0
257.5130 	DATA 	Mouse: Left button down, pos=(1009,249)
257.5192 	EXP 	New trial (rep=2, index=10): {'delay': 0.7, 'freq': 1000, 'condition': 'exp'}
257.5245 	EXP 	text: autoDraw = False
257.5245 	EXP 	textbox: autoDraw = False
257.5245 	EXP 	polygon: autoDraw = True
257.7468 	DATA 	Mouse:  Left button up, pos=(1009,249)
258.5246 	EXP 	polygon: autoDraw = False
258.5246 	EXP 	polygon_2: autoDraw = True
259.5471 	DATA 	Keypress: space
259.5576 	EXP 	polygon: autoDraw = False
259.5576 	EXP 	polygon_2: autoDraw = False
260.5678 	EXP 	text: autoDraw = True
260.5678 	EXP 	textbox: autoDraw = True
261.5550 	DATA 	Keypress: num_1
262.0464 	DATA 	Keypress: num_0
262.1933 	DATA 	Keypress: num_0
262.7139 	DATA 	Mouse: Left button down, pos=(1009,249)
262.7229 	EXP 	New trial (rep=2, index=11): {'delay': 0.4, 'freq': 400, 'condition': 'unexp'}
262.7306 	EXP 	text: autoDraw = False
262.7306 	EXP 	textbox: autoDraw = False
262.7306 	EXP 	polygon: autoDraw = True
262.9304 	DATA 	Mouse:  Left button up, pos=(1009,249)
263.7238 	EXP 	polygon_2: autoDraw = True
263.7405 	EXP 	polygon: autoDraw = False
265.0834 	DATA 	Keypress: space
265.0901 	EXP 	polygon: autoDraw = False
265.0901 	EXP 	polygon_2: autoDraw = False
265.7986 	EXP 	text: autoDraw = True
265.7986 	EXP 	textbox: autoDraw = True
267.3014 	DATA 	Keypress: num_2
267.4454 	DATA 	Keypress: num_5
267.6607 	DATA 	Keypress: num_0
268.3816 	DATA 	Mouse: Left button down, pos=(1009,249)
268.3901 	EXP 	New trial (rep=3, index=0): {'delay': 0.1, 'freq': 1000, 'condition': 'exp'}
268.3976 	EXP 	text: autoDraw = False
268.3976 	EXP 	textbox: autoDraw = False
268.3976 	EXP 	polygon: autoDraw = True
268.5959 	DATA 	Mouse:  Left button up, pos=(1009,249)
269.3899 	EXP 	polygon_2: autoDraw = True
269.4065 	EXP 	polygon: autoDraw = False
308.9741 	DATA 	Keypress: space
308.9846 	EXP 	polygon: autoDraw = False
308.9846 	EXP 	polygon_2: autoDraw = False
309.4006 	EXP 	text: autoDraw = True
309.4006 	EXP 	textbox: autoDraw = True
310.2892 	DATA 	Keypress: num_2
310.4906 	DATA 	Keypress: num_0
310.6225 	DATA 	Keypress: num_0
311.2332 	DATA 	Mouse: Left button down, pos=(1009,249)
311.2416 	EXP 	New trial (rep=3, index=1): {'delay': 0.4, 'freq': 1000, 'condition': 'exp'}
311.2499 	EXP 	text: autoDraw = False
311.2499 	EXP 	textbox: autoDraw = False
311.2499 	EXP 	polygon: autoDraw = True
311.4468 	DATA 	Mouse:  Left button up, pos=(1009,249)
312.2509 	EXP 	polygon: autoDraw = False
312.2509 	EXP 	polygon_2: autoDraw = True
318.5397 	DATA 	Keypress: space
318.5500 	EXP 	polygon: autoDraw = False
318.5500 	EXP 	polygon_2: autoDraw = False
319.2616 	EXP 	text: autoDraw = True
319.2616 	EXP 	textbox: autoDraw = True
320.0931 	DATA 	Keypress: num_2
320.2966 	DATA 	Keypress: num_0
320.4522 	DATA 	Keypress: num_0
320.9858 	DATA 	Mouse: Left button down, pos=(1009,249)
320.9895 	EXP 	New trial (rep=3, index=2): {'delay': 0.7, 'freq': 1000, 'condition': 'exp'}
320.9969 	EXP 	text: autoDraw = False
320.9969 	EXP 	textbox: autoDraw = False
320.9969 	EXP 	polygon: autoDraw = True
321.2060 	DATA 	Mouse:  Left button up, pos=(1009,249)
321.9997 	EXP 	polygon: autoDraw = False
321.9997 	EXP 	polygon_2: autoDraw = True
323.9391 	DATA 	Keypress: space
323.9493 	EXP 	polygon: autoDraw = False
323.9493 	EXP 	polygon_2: autoDraw = False
324.4688 	DATA 	Keypress: num_2
324.9594 	EXP 	text: autoDraw = True
324.9594 	EXP 	textbox: autoDraw = True
325.3671 	DATA 	Keypress: num_2
325.6474 	DATA 	Keypress: num_0
325.7957 	DATA 	Keypress: num_0
327.1057 	DATA 	Mouse: Left button down, pos=(1009,249)
327.1148 	EXP 	New trial (rep=3, index=3): {'delay': 0.1, 'freq': 1000, 'condition': 'exp'}
327.1225 	EXP 	text: autoDraw = False
327.1225 	EXP 	textbox: autoDraw = False
327.1225 	EXP 	polygon: autoDraw = True
327.3380 	DATA 	Mouse:  Left button up, pos=(1009,249)
328.1156 	EXP 	polygon_2: autoDraw = True
328.1325 	EXP 	polygon: autoDraw = False
388.6806 	DATA 	Keypress: space
388.6909 	EXP 	polygon: autoDraw = False
388.6909 	EXP 	polygon_2: autoDraw = False
389.1012 	EXP 	text: autoDraw = True
389.1012 	EXP 	textbox: autoDraw = True
389.6971 	DATA 	Keypress: num_2
389.9121 	DATA 	Keypress: num_0
390.0556 	DATA 	Keypress: num_0
390.9860 	DATA 	Mouse: Left button down, pos=(1009,249)
390.9958 	EXP 	New trial (rep=3, index=4): {'delay': 0.4, 'freq': 400, 'condition': 'unexp'}
391.0034 	EXP 	text: autoDraw = False
391.0034 	EXP 	textbox: autoDraw = False
391.0034 	EXP 	polygon: autoDraw = True
391.1802 	DATA 	Mouse:  Left button up, pos=(1009,249)
392.0075 	EXP 	polygon: autoDraw = False
392.0075 	EXP 	polygon_2: autoDraw = True
392.5799 	DATA 	Keypress: space
392.5907 	EXP 	polygon: autoDraw = False
392.5907 	EXP 	polygon_2: autoDraw = False
393.3026 	EXP 	text: autoDraw = True
393.3026 	EXP 	textbox: autoDraw = True
394.4089 	DATA 	Keypress: num_2
394.6236 	DATA 	Keypress: num_0
394.7706 	DATA 	Keypress: num_0
395.3423 	DATA 	Mouse: Left button down, pos=(1009,249)
395.3505 	EXP 	New trial (rep=3, index=5): {'delay': 0.7, 'freq': 1000, 'condition': 'exp'}
395.3597 	EXP 	text: autoDraw = False
395.3597 	EXP 	textbox: autoDraw = False
395.3597 	EXP 	polygon: autoDraw = True
395.5625 	DATA 	Mouse:  Left button up, pos=(1009,249)
396.3570 	EXP 	polygon_2: autoDraw = True
396.3734 	EXP 	polygon: autoDraw = False
396.9795 	DATA 	Keypress: space
396.9901 	EXP 	polygon: autoDraw = False
396.9901 	EXP 	polygon_2: autoDraw = False
397.9997 	EXP 	text: autoDraw = True
397.9997 	EXP 	textbox: autoDraw = True
398.5093 	DATA 	Keypress: num_2
398.7438 	DATA 	Keypress: num_0
398.8909 	DATA 	Keypress: num_0
399.4546 	DATA 	Mouse: Left button down, pos=(1009,249)
399.4637 	EXP 	New trial (rep=3, index=6): {'delay': 0.4, 'freq': 1000, 'condition': 'exp'}
399.4719 	EXP 	text: autoDraw = False
399.4719 	EXP 	textbox: autoDraw = False
399.4719 	EXP 	polygon: autoDraw = True
399.6793 	DATA 	Mouse:  Left button up, pos=(1009,249)
400.4729 	EXP 	polygon: autoDraw = False
400.4729 	EXP 	polygon_2: autoDraw = True
401.0284 	DATA 	Keypress: space
401.0392 	EXP 	polygon: autoDraw = False
401.0392 	EXP 	polygon_2: autoDraw = False
401.7483 	EXP 	text: autoDraw = True
401.7483 	EXP 	textbox: autoDraw = True
402.2189 	DATA 	Keypress: num_2
402.5035 	DATA 	Keypress: num_0
402.6542 	DATA 	Keypress: num_0
403.0753 	DATA 	Keypress: space
404.5634 	DATA 	Mouse: Left button down, pos=(1009,249)
404.5725 	EXP 	New trial (rep=3, index=7): {'delay': 0.7, 'freq': 1000, 'condition': 'exp'}
404.5805 	EXP 	text: autoDraw = False
404.5805 	EXP 	textbox: autoDraw = False
404.5805 	EXP 	polygon: autoDraw = True
404.7615 	DATA 	Mouse:  Left button up, pos=(1009,249)
405.5725 	EXP 	polygon_2: autoDraw = True
405.5892 	EXP 	polygon: autoDraw = False
407.2612 	DATA 	Keypress: space
407.2720 	EXP 	polygon: autoDraw = False
407.2720 	EXP 	polygon_2: autoDraw = False
408.2839 	EXP 	text: autoDraw = True
408.2839 	EXP 	textbox: autoDraw = True
408.8402 	DATA 	Keypress: num_2
409.1118 	DATA 	Keypress: num_0
409.2630 	DATA 	Keypress: num_0
409.9539 	DATA 	Mouse: Left button down, pos=(1009,249)
409.9581 	EXP 	New trial (rep=3, index=8): {'delay': 0.1, 'freq': 400, 'condition': 'unexp'}
409.9655 	EXP 	text: autoDraw = False
409.9655 	EXP 	textbox: autoDraw = False
409.9655 	EXP 	polygon: autoDraw = True
410.1780 	DATA 	Mouse:  Left button up, pos=(1009,249)
410.9715 	EXP 	polygon: autoDraw = False
410.9715 	EXP 	polygon_2: autoDraw = True
441.7725 	DATA 	Keypress: space
441.7843 	EXP 	polygon: autoDraw = False
441.7843 	EXP 	polygon_2: autoDraw = False
442.1945 	EXP 	text: autoDraw = True
442.1945 	EXP 	textbox: autoDraw = True
442.8779 	DATA 	Keypress: num_2
443.1356 	DATA 	Keypress: num_0
443.2856 	DATA 	Keypress: num_0
443.8843 	DATA 	Mouse: Left button down, pos=(1009,249)
443.8927 	EXP 	New trial (rep=3, index=9): {'delay': 0.4, 'freq': 1000, 'condition': 'exp'}
443.9016 	EXP 	text: autoDraw = False
443.9016 	EXP 	textbox: autoDraw = False
443.9016 	EXP 	polygon: autoDraw = True
444.0896 	DATA 	Mouse:  Left button up, pos=(1009,249)
444.9007 	EXP 	polygon_2: autoDraw = True
444.9175 	EXP 	polygon: autoDraw = False
445.3230 	DATA 	Keypress: space
445.3337 	EXP 	polygon: autoDraw = False
445.3337 	EXP 	polygon_2: autoDraw = False
446.0454 	EXP 	text: autoDraw = True
446.0454 	EXP 	textbox: autoDraw = True
446.4964 	DATA 	Keypress: num_1
446.7164 	DATA 	Keypress: num_0
446.8615 	DATA 	Keypress: num_0
447.4236 	DATA 	Mouse: Left button down, pos=(1009,249)
447.4331 	EXP 	New trial (rep=3, index=10): {'delay': 0.7, 'freq': 400, 'condition': 'unexp'}
447.4437 	EXP 	text: autoDraw = False
447.4437 	EXP 	textbox: autoDraw = False
447.4437 	EXP 	polygon: autoDraw = True
447.6560 	DATA 	Mouse:  Left button up, pos=(1009,249)
448.4334 	EXP 	polygon_2: autoDraw = True
448.4503 	EXP 	polygon: autoDraw = False
449.6392 	DATA 	Keypress: space
449.6498 	EXP 	polygon: autoDraw = False
449.6498 	EXP 	polygon_2: autoDraw = False
450.6600 	EXP 	text: autoDraw = True
450.6600 	EXP 	textbox: autoDraw = True
451.1338 	DATA 	Keypress: num_2
451.4158 	DATA 	Keypress: num_0
451.5712 	DATA 	Keypress: num_0
451.9725 	DATA 	Keypress: space
453.3121 	DATA 	Mouse: Left button down, pos=(1012,232)
453.3207 	EXP 	New trial (rep=3, index=11): {'delay': 0.1, 'freq': 1000, 'condition': 'exp'}
453.3285 	EXP 	text: autoDraw = False
453.3285 	EXP 	textbox: autoDraw = False
453.3285 	EXP 	polygon: autoDraw = True
453.5390 	DATA 	Mouse:  Left button up, pos=(1012,232)
454.3326 	EXP 	polygon: autoDraw = False
454.3326 	EXP 	polygon_2: autoDraw = True
456.9381 	DATA 	Keypress: space
456.9660 	EXP 	polygon: autoDraw = False
456.9660 	EXP 	polygon_2: autoDraw = False
457.3755 	EXP 	text: autoDraw = True
457.3755 	EXP 	textbox: autoDraw = True
458.1027 	DATA 	Keypress: num_2
458.3133 	DATA 	Keypress: num_0
458.4413 	DATA 	Keypress: num_0
459.3636 	DATA 	Mouse: Left button down, pos=(1012,232)
459.3676 	EXP 	New trial (rep=4, index=0): {'delay': 0.1, 'freq': 1000, 'condition': 'exp'}
459.3754 	EXP 	text: autoDraw = False
459.3754 	EXP 	textbox: autoDraw = False
459.3754 	EXP 	polygon: autoDraw = True
459.5882 	DATA 	Mouse:  Left button up, pos=(1012,232)
460.3817 	EXP 	polygon: autoDraw = False
460.3817 	EXP 	polygon_2: autoDraw = True
509.4984 	DATA 	Keypress: space
509.5085 	EXP 	polygon: autoDraw = False
509.5085 	EXP 	polygon_2: autoDraw = False
509.9208 	EXP 	text: autoDraw = True
509.9208 	EXP 	textbox: autoDraw = True
511.3802 	DATA 	Keypress: num_1
511.6199 	DATA 	Keypress: num_5
511.8367 	DATA 	Keypress: num_0
512.5189 	DATA 	Mouse: Left button down, pos=(1012,232)
512.5275 	EXP 	New trial (rep=4, index=1): {'delay': 0.7, 'freq': 400, 'condition': 'unexp'}
512.5346 	EXP 	text: autoDraw = False
512.5346 	EXP 	textbox: autoDraw = False
512.5346 	EXP 	polygon: autoDraw = True
512.7301 	DATA 	Mouse:  Left button up, pos=(1012,232)
513.5415 	EXP 	polygon: autoDraw = False
513.5415 	EXP 	polygon_2: autoDraw = True
514.0311 	DATA 	Keypress: space
514.0451 	EXP 	polygon: autoDraw = False
514.0451 	EXP 	polygon_2: autoDraw = False
515.0540 	EXP 	text: autoDraw = True
515.0540 	EXP 	textbox: autoDraw = True
515.5671 	DATA 	Keypress: num_1
515.7957 	DATA 	Keypress: num_0
515.9612 	DATA 	Keypress: num_0
516.6502 	DATA 	Mouse: Left button down, pos=(1012,232)
516.6537 	EXP 	New trial (rep=4, index=2): {'delay': 0.4, 'freq': 1000, 'condition': 'exp'}
516.6620 	EXP 	text: autoDraw = False
516.6620 	EXP 	textbox: autoDraw = False
516.6620 	EXP 	polygon: autoDraw = True
516.8798 	DATA 	Mouse:  Left button up, pos=(1012,232)
517.6578 	EXP 	polygon_2: autoDraw = True
517.6741 	EXP 	polygon: autoDraw = False
517.9978 	DATA 	Keypress: space
518.0242 	EXP 	polygon: autoDraw = False
518.0242 	EXP 	polygon_2: autoDraw = False
518.7346 	EXP 	text: autoDraw = True
518.7346 	EXP 	textbox: autoDraw = True
519.1644 	DATA 	Keypress: num_1
519.3632 	DATA 	Keypress: num_5
519.5654 	DATA 	Keypress: num_0
520.2177 	DATA 	Mouse: Left button down, pos=(1012,232)
520.2267 	EXP 	New trial (rep=4, index=3): {'delay': 0.1, 'freq': 1000, 'condition': 'exp'}
520.2341 	EXP 	text: autoDraw = False
520.2341 	EXP 	textbox: autoDraw = False
520.2341 	EXP 	polygon: autoDraw = True
520.4298 	DATA 	Mouse:  Left button up, pos=(1012,232)
521.2406 	EXP 	polygon: autoDraw = False
521.2406 	EXP 	polygon_2: autoDraw = True
521.6300 	DATA 	Keypress: space
521.6407 	EXP 	polygon: autoDraw = False
521.6407 	EXP 	polygon_2: autoDraw = False
522.0517 	EXP 	text: autoDraw = True
522.0517 	EXP 	textbox: autoDraw = True
522.8978 	DATA 	Keypress: num_1
523.1129 	DATA 	Keypress: num_0
523.2445 	DATA 	Keypress: num_0
523.8885 	DATA 	Mouse: Left button down, pos=(1012,232)
523.8976 	EXP 	New trial (rep=4, index=4): {'delay': 0.1, 'freq': 400, 'condition': 'unexp'}
523.9057 	EXP 	text: autoDraw = False
523.9057 	EXP 	textbox: autoDraw = False
523.9057 	EXP 	polygon: autoDraw = True
524.0961 	DATA 	Mouse:  Left button up, pos=(1012,232)
524.9068 	EXP 	polygon: autoDraw = False
524.9068 	EXP 	polygon_2: autoDraw = True
525.2792 	DATA 	Keypress: space
525.3069 	EXP 	polygon: autoDraw = False
525.3069 	EXP 	polygon_2: autoDraw = False
525.7156 	EXP 	text: autoDraw = True
525.7156 	EXP 	textbox: autoDraw = True
526.2672 	DATA 	Keypress: num_2
526.4627 	DATA 	Keypress: num_0
526.6011 	DATA 	Keypress: num_0
527.2310 	DATA 	Mouse: Left button down, pos=(1012,232)
527.2415 	EXP 	New trial (rep=4, index=5): {'delay': 0.7, 'freq': 1000, 'condition': 'exp'}
527.2513 	EXP 	text: autoDraw = False
527.2513 	EXP 	textbox: autoDraw = False
527.2513 	EXP 	polygon: autoDraw = True
527.4453 	DATA 	Mouse:  Left button up, pos=(1012,232)
528.2567 	EXP 	polygon: autoDraw = False
528.2567 	EXP 	polygon_2: autoDraw = True
529.4112 	DATA 	Keypress: space
529.4396 	EXP 	polygon: autoDraw = False
529.4396 	EXP 	polygon_2: autoDraw = False
530.4493 	EXP 	text: autoDraw = True
530.4493 	EXP 	textbox: autoDraw = True
532.7702 	DATA 	Keypress: num_6
533.0340 	DATA 	Keypress: num_0
533.1920 	DATA 	Keypress: num_0
533.7756 	DATA 	Mouse: Left button down, pos=(1012,232)
533.7792 	EXP 	New trial (rep=4, index=6): {'delay': 0.4, 'freq': 400, 'condition': 'unexp'}
533.7868 	EXP 	text: autoDraw = False
533.7868 	EXP 	textbox: autoDraw = False
533.7868 	EXP 	polygon: autoDraw = True
533.9948 	DATA 	Mouse:  Left button up, pos=(1012,232)
534.7888 	EXP 	polygon: autoDraw = False
534.7888 	EXP 	polygon_2: autoDraw = True
535.4784 	DATA 	Keypress: escape
536.5190 	EXP 	window1: mouseVisible = True
